<?xml version="1.0" encoding="UTF-8"?>
<!-- Generated by org.testng.reporters.JUnitXMLReporter -->
<testsuite ignored="0" hostname="UdoLaptop" failures="0" tests="4" name="Surefire test" time="18.302" errors="0" timestamp="2023-12-04T09:12:30 CST">
  <testcase classname="org.example.AccountControllerTest" name="testGetAllAccounts on testGetAllAccounts(org.example.AccountControllerTest)" time="17.423"/>
  <testcase classname="org.example.AccountControllerTest" name="testSignUp on testSignUp(org.example.AccountControllerTest)" time="17.427"/>
  <testcase classname="org.example.GasControllerTests" name="testGetAllAccounts on testGetAllAccounts(org.example.GasControllerTests)" time="0.195"/>
  <testcase classname="org.example.GasControllerTests" name="testSignUp on testSignUp(org.example.GasControllerTests)" time="0.206"/>
</testsuite> <!-- Surefire test -->
